Added Component: Designator=U1(MICRO2440)
Added Pin To Net: NetName=VDD5V Pin=U1-PA1
Added Pin To Net: NetName=GND Pin=U1-PA2
Added Pin To Net: NetName=EINT19 Pin=U1-PA3
Added Pin To Net: NetName=EINT18 Pin=U1-PA4
Added Pin To Net: NetName=EINT17 Pin=U1-PA5
Added Pin To Net: NetName=EINT16 Pin=U1-PA6
Added Pin To Net: NetName=EINT15 Pin=U1-PA7
Added Pin To Net: NetName=EINT14 Pin=U1-PA8
Added Pin To Net: NetName=EINT13 Pin=U1-PA9
Added Pin To Net: NetName=EINT11 Pin=U1-PA10
Added Pin To Net: NetName=EINT8 Pin=U1-PA11
Added Pin To Net: NetName=EINT6 Pin=U1-PA12
Added Pin To Net: NetName=EINT5 Pin=U1-PA13
Added Pin To Net: NetName=EINT4 Pin=U1-PA14
Added Pin To Net: NetName=EINT3 Pin=U1-PA15
Added Pin To Net: NetName=EINT2 Pin=U1-PA16
Added Pin To Net: NetName=EINT1 Pin=U1-PA17
Added Pin To Net: NetName=EINT0 Pin=U1-PA18
Added Pin To Net: NetName=WP_SD Pin=U1-PA19
Added Pin To Net: NetName=SDCLK Pin=U1-PA20
Added Pin To Net: NetName=SDCMD Pin=U1-PA21
Added Pin To Net: NetName=SDDATA2 Pin=U1-PA22
Added Pin To Net: NetName=SDDATA3 Pin=U1-PA23
Added Pin To Net: NetName=SDDATA0 Pin=U1-PA24
Added Pin To Net: NetName=SDDATA1 Pin=U1-PA25
Added Pin To Net: NetName=OM0 Pin=U1-PA26
Added Pin To Net: NetName=LCDVF0 Pin=U1-PA27
Added Pin To Net: NetName=M_NRESET Pin=U1-PA28
Added Pin To Net: NetName=DN1 Pin=U1-PA29
Added Pin To Net: NetName=DP1 Pin=U1-PA30
Added Pin To Net: NetName=DN0 Pin=U1-PA31
Added Pin To Net: NetName=DP0 Pin=U1-PA32
Added Pin To Net: NetName=AIN2 Pin=U1-PA33
Added Pin To Net: NetName=VDDRTC Pin=U1-PA34
Added Pin To Net: NetName=ATN0 Pin=U1-PA35
Added Pin To Net: NetName=AIN1 Pin=U1-PA36
Added Pin To Net: NetName=L3MODE Pin=U1-PA37
Added Pin To Net: NetName=L3DATA Pin=U1-PA38
Added Pin To Net: NetName=L3CLOCK Pin=U1-PA39
Added Pin To Net: NetName=I2SLRCK Pin=U1-PA40
Added Pin To Net: NetName=I2SSCLK Pin=U1-PA41
Added Pin To Net: NetName=CDCLK Pin=U1-PA42
Added Pin To Net: NetName=I2SSDI Pin=U1-PA43
Added Pin To Net: NetName=I2SSD0 Pin=U1-PA44
Added Pin To Net: NetName=GPB0 Pin=U1-PA45
Added Pin To Net: NetName=GPB1 Pin=U1-PA46
Added Pin To Net: NetName=TXD2 Pin=U1-PA47
Added Pin To Net: NetName=RXD2 Pin=U1-PA48
Added Pin To Net: NetName=TXD1 Pin=U1-PA49
Added Pin To Net: NetName=RXD1 Pin=U1-PA50
Added Pin To Net: NetName=TXD0 Pin=U1-PA51
Added Pin To Net: NetName=RXD0 Pin=U1-PA52
Added Pin To Net: NetName=NCTS0 Pin=U1-PA53
Added Pin To Net: NetName=NRTS0 Pin=U1-PA54
Added Pin To Net: NetName=I2CSDA Pin=U1-PA55
Added Pin To Net: NetName=I2CSCL Pin=U1-PA56
Added Pin To Net: NetName=TSYM Pin=U1-PB1
Added Pin To Net: NetName=TSYP Pin=U1-PB2
Added Pin To Net: NetName=TSXM Pin=U1-PB3
Added Pin To Net: NetName=TSXP Pin=U1-PB4
Added Pin To Net: NetName=VD22 Pin=U1-PB5
Added Pin To Net: NetName=VD23 Pin=U1-PB6
Added Pin To Net: NetName=VD20 Pin=U1-PB7
Added Pin To Net: NetName=VD21 Pin=U1-PB8
Added Pin To Net: NetName=VD18 Pin=U1-PB9
Added Pin To Net: NetName=VD19 Pin=U1-PB10
Added Pin To Net: NetName=VD16 Pin=U1-PB11
Added Pin To Net: NetName=VD17 Pin=U1-PB12
Added Pin To Net: NetName=VD14 Pin=U1-PB13
Added Pin To Net: NetName=VD15 Pin=U1-PB14
Added Pin To Net: NetName=VD12 Pin=U1-PB15
Added Pin To Net: NetName=VD13 Pin=U1-PB16
Added Pin To Net: NetName=VD10 Pin=U1-PB17
Added Pin To Net: NetName=VD11 Pin=U1-PB18
Added Pin To Net: NetName=VD8 Pin=U1-PB19
Added Pin To Net: NetName=VD9 Pin=U1-PB20
Added Pin To Net: NetName=VD6 Pin=U1-PB21
Added Pin To Net: NetName=VD7 Pin=U1-PB22
Added Pin To Net: NetName=VD4 Pin=U1-PB23
Added Pin To Net: NetName=VD5 Pin=U1-PB24
Added Pin To Net: NetName=VD2 Pin=U1-PB25
Added Pin To Net: NetName=VD3 Pin=U1-PB26
Added Pin To Net: NetName=VD0 Pin=U1-PB27
Added Pin To Net: NetName=VD1 Pin=U1-PB28
Added Pin To Net: NetName=LCD_PWR Pin=U1-PB29
Added Pin To Net: NetName=VM Pin=U1-PB30
Added Pin To Net: NetName=VFRAME Pin=U1-PB31
Added Pin To Net: NetName=VLINE Pin=U1-PB32
Added Pin To Net: NetName=VCLK Pin=U1-PB33
Added Pin To Net: NetName=LEND Pin=U1-PB34
Added Pin To Net: NetName=CAMDATA7 Pin=U1-PB35
Added Pin To Net: NetName=CAMDATA6 Pin=U1-PB36
Added Pin To Net: NetName=CAMDATA5 Pin=U1-PB37
Added Pin To Net: NetName=CAMDATA4 Pin=U1-PB38
Added Pin To Net: NetName=CAMDATA3 Pin=U1-PB39
Added Pin To Net: NetName=CAMDATA2 Pin=U1-PB40
Added Pin To Net: NetName=CAMDATA1 Pin=U1-PB41
Added Pin To Net: NetName=CAMDATA0 Pin=U1-PB42
Added Pin To Net: NetName=CAMCLK Pin=U1-PB43
Added Pin To Net: NetName=CAM_PCLK Pin=U1-PB44
Added Pin To Net: NetName=CAM_VSYNC Pin=U1-PB45
Added Pin To Net: NetName=CAM_HREF Pin=U1-PB46
Added Pin To Net: NetName=EINT20 Pin=U1-PB47
Added Pin To Net: NetName=CAMRST Pin=U1-PB48
Added Pin To Net: NetName=VDD5V Pin=U1-PB49
Added Pin To Net: NetName=GND Pin=U1-PB50
Added Pin To Net: NetName=EINT7 Pin=U1-PC1
Added Pin To Net: NetName=EINT9 Pin=U1-PC2
Added Pin To Net: NetName=LNGCS1 Pin=U1-PC3
Added Pin To Net: NetName=LNGCS3 Pin=U1-PC4
Added Pin To Net: NetName=LNGCS2 Pin=U1-PC5
Added Pin To Net: NetName=LNWBE1 Pin=U1-PC6
Added Pin To Net: NetName=LNGCS4 Pin=U1-PC7
Added Pin To Net: NetName=LNWE Pin=U1-PC8
Added Pin To Net: NetName=LNOE Pin=U1-PC9
Added Pin To Net: NetName=NRESET Pin=U1-PC10
Added Pin To Net: NetName=NWAIT Pin=U1-PC11
Added Pin To Net: NetName=NXDACK0 Pin=U1-PC12
Added Pin To Net: NetName=LADDR0 Pin=U1-PC13
Added Pin To Net: NetName=NXDREQ0 Pin=U1-PC14
Added Pin To Net: NetName=LADDR1 Pin=U1-PC15
Added Pin To Net: NetName=LADDR2 Pin=U1-PC16
Added Pin To Net: NetName=LADDR3 Pin=U1-PC17
Added Pin To Net: NetName=LADDR4 Pin=U1-PC18
Added Pin To Net: NetName=LADDR5 Pin=U1-PC19
Added Pin To Net: NetName=LADDR6 Pin=U1-PC20
Added Pin To Net: NetName=LADDR7 Pin=U1-PC21
Added Pin To Net: NetName=LADDR8 Pin=U1-PC22
Added Pin To Net: NetName=LADDR9 Pin=U1-PC23
Added Pin To Net: NetName=LADDR10 Pin=U1-PC24
Added Pin To Net: NetName=LADDR11 Pin=U1-PC25
Added Pin To Net: NetName=LADDR12 Pin=U1-PC26
Added Pin To Net: NetName=LADDR13 Pin=U1-PC27
Added Pin To Net: NetName=LADDR14 Pin=U1-PC28
Added Pin To Net: NetName=LADDR15 Pin=U1-PC29
Added Pin To Net: NetName=LADDR16 Pin=U1-PC30
Added Pin To Net: NetName=LADDR17 Pin=U1-PC31
Added Pin To Net: NetName=LADDR18 Pin=U1-PC32
Added Pin To Net: NetName=LADDR19 Pin=U1-PC33
Added Pin To Net: NetName=LADDR20 Pin=U1-PC34
Added Pin To Net: NetName=LADDR21 Pin=U1-PC35
Added Pin To Net: NetName=LADDR22 Pin=U1-PC36
Added Pin To Net: NetName=LADDR23 Pin=U1-PC37
Added Pin To Net: NetName=LADDR24 Pin=U1-PC38
Added Pin To Net: NetName=LDATA0 Pin=U1-PC39
Added Pin To Net: NetName=LDATA1 Pin=U1-PC40
Added Pin To Net: NetName=LDATA2 Pin=U1-PC41
Added Pin To Net: NetName=LDATA3 Pin=U1-PC42
Added Pin To Net: NetName=LDATA4 Pin=U1-PC43
Added Pin To Net: NetName=LDATA5 Pin=U1-PC44
Added Pin To Net: NetName=LDATA6 Pin=U1-PC45
Added Pin To Net: NetName=LDATA7 Pin=U1-PC46
Added Pin To Net: NetName=LDATA8 Pin=U1-PC47
Added Pin To Net: NetName=LDATA9 Pin=U1-PC48
Added Pin To Net: NetName=LDATA10 Pin=U1-PC49
Added Pin To Net: NetName=LDATA11 Pin=U1-PC50
Added Pin To Net: NetName=LDATA12 Pin=U1-PC51
Added Pin To Net: NetName=LDATA13 Pin=U1-PC52
Added Pin To Net: NetName=LDATA14 Pin=U1-PC53
Added Pin To Net: NetName=LDATA15 Pin=U1-PC54
Added Pin To Net: NetName=VDD5V Pin=U1-PC55
Added Pin To Net: NetName=GND Pin=U1-PC56
Added Member To Class: ClassName=Micro2440 Member=Component U1 Micro2440
Added Room: Name=Micro2440
