Removed Pin From Net: NetName=TSYP Pin=LCD-2
Removed Pin From Net: NetName=TSYM Pin=LCD-3
Removed Pin From Net: NetName=TSXP Pin=LCD-4
Removed Pin From Net: NetName=TSXM Pin=LCD-5
Removed Pin From Net: NetName=VCLK Pin=LCD-6
Removed Pin From Net: NetName=VLINE Pin=LCD-7
Removed Pin From Net: NetName=VFRAME Pin=LCD-8
Removed Pin From Net: NetName=VM Pin=LCD-9
Removed Pin From Net: NetName=NRESET Pin=LCD-10
Removed Pin From Net: NetName=GPB1 Pin=LCD-11
Removed Pin From Net: NetName=LCD_PWR Pin=LCD-12
Removed Pin From Net: NetName=GND Pin=LCD-13
Removed Pin From Net: NetName=VD23 Pin=LCD-14
Removed Pin From Net: NetName=VD22 Pin=LCD-15
Removed Pin From Net: NetName=VD21 Pin=LCD-16
Removed Pin From Net: NetName=VD20 Pin=LCD-17
Removed Pin From Net: NetName=VD19 Pin=LCD-18
Removed Pin From Net: NetName=VD18 Pin=LCD-19
Removed Pin From Net: NetName=VD17 Pin=LCD-20
Removed Pin From Net: NetName=GND Pin=LCD-22
Removed Pin From Net: NetName=VD15 Pin=LCD-23
Removed Pin From Net: NetName=VD14 Pin=LCD-24
Removed Pin From Net: NetName=VD13 Pin=LCD-25
Removed Pin From Net: NetName=VD12 Pin=LCD-26
Removed Pin From Net: NetName=VD11 Pin=LCD-27
Removed Pin From Net: NetName=VD10 Pin=LCD-28
Removed Pin From Net: NetName=VD9 Pin=LCD-29
Removed Pin From Net: NetName=VD8 Pin=LCD-30
Removed Pin From Net: NetName=GND Pin=LCD-31
Removed Pin From Net: NetName=VD7 Pin=LCD-32
Removed Pin From Net: NetName=VD6 Pin=LCD-33
Removed Pin From Net: NetName=VD5 Pin=LCD-34
Removed Pin From Net: NetName=VD4 Pin=LCD-35
Removed Pin From Net: NetName=VD3 Pin=LCD-36
Removed Pin From Net: NetName=VD2 Pin=LCD-37
Removed Pin From Net: NetName=VD1 Pin=LCD-38
Removed Pin From Net: NetName=VD0 Pin=LCD-39
Removed Pin From Net: NetName=VDDLCD Pin=LCD-40
Removed Pin From Net: NetName=VDDLCD Pin=LCD-41
Added Pin To Net: NetName=VDDLCD Pin=LCD-1
Added Pin To Net: NetName=VDDLCD Pin=LCD-2
Added Pin To Net: NetName=VD0 Pin=LCD-3
Added Pin To Net: NetName=VD1 Pin=LCD-4
Added Pin To Net: NetName=VD2 Pin=LCD-5
Added Pin To Net: NetName=VD3 Pin=LCD-6
Added Pin To Net: NetName=VD4 Pin=LCD-7
Added Pin To Net: NetName=VD5 Pin=LCD-8
Added Pin To Net: NetName=VD6 Pin=LCD-9
Added Pin To Net: NetName=VD7 Pin=LCD-10
Added Pin To Net: NetName=GND Pin=LCD-11
Added Pin To Net: NetName=VD8 Pin=LCD-12
Added Pin To Net: NetName=VD9 Pin=LCD-13
Added Pin To Net: NetName=VD10 Pin=LCD-14
Added Pin To Net: NetName=VD11 Pin=LCD-15
Added Pin To Net: NetName=VD12 Pin=LCD-16
Added Pin To Net: NetName=VD13 Pin=LCD-17
Added Pin To Net: NetName=VD14 Pin=LCD-18
Added Pin To Net: NetName=VD15 Pin=LCD-19
Added Pin To Net: NetName=GND Pin=LCD-20
Added Pin To Net: NetName=VD17 Pin=LCD-22
Added Pin To Net: NetName=VD18 Pin=LCD-23
Added Pin To Net: NetName=VD19 Pin=LCD-24
Added Pin To Net: NetName=VD20 Pin=LCD-25
Added Pin To Net: NetName=VD21 Pin=LCD-26
Added Pin To Net: NetName=VD22 Pin=LCD-27
Added Pin To Net: NetName=VD23 Pin=LCD-28
Added Pin To Net: NetName=GND Pin=LCD-29
Added Pin To Net: NetName=LCD_PWR Pin=LCD-30
Added Pin To Net: NetName=GPB1 Pin=LCD-31
Added Pin To Net: NetName=NRESET Pin=LCD-32
Added Pin To Net: NetName=VM Pin=LCD-33
Added Pin To Net: NetName=VFRAME Pin=LCD-34
Added Pin To Net: NetName=VLINE Pin=LCD-35
Added Pin To Net: NetName=VCLK Pin=LCD-36
Added Pin To Net: NetName=TSXM Pin=LCD-37
Added Pin To Net: NetName=TSXP Pin=LCD-38
Added Pin To Net: NetName=TSYM Pin=LCD-39
Added Pin To Net: NetName=TSYP Pin=LCD-40
Added Pin To Net: NetName=GND Pin=LCD-41
Change Class Name : Old Net Name=Micro2440 New Net Name=mickey2440
Added Room: Name=mickey2440
